当前时间: Wed Nov  9 22:22:15 2022
id80160343

钻石：530
当前时间: Wed Nov  9 22:22:35 2022
q350948908

钻石：您的钻石
当前时间: Wed Nov  9 22:22:54 2022
m13107898803

钻石：297
当前时间: Wed Nov  9 22:23:13 2022
Y8986954

钻石：501
当前时间: Wed Nov  9 22:23:32 2022
m17586352063

钻石：446
当前时间: Wed Nov  9 22:23:52 2022
m15559569207

钻石：260
当前时间: Wed Nov  9 22:24:13 2022
m13595955178

钻石：547
当前时间: Wed Nov  9 22:24:34 2022
m15761101546

钻石：561
当前时间: Wed Nov  9 22:24:55 2022
id84041678

钻石：820
当前时间: Wed Nov  9 22:25:15 2022
Y23500757

钻石：429
当前时间: Wed Nov  9 22:25:36 2022
m17208862972

钻石：581
当前时间: Wed Nov  9 22:25:57 2022
m13211870934

钻石：343
当前时间: Wed Nov  9 22:26:18 2022
m18050198551

钻石：313
当前时间: Wed Nov  9 22:26:39 2022
m18518496929

钻石：332
当前时间: Wed Nov  9 22:27:00 2022
m13508538861

钻石：276
当前时间: Wed Nov  9 22:27:21 2022
m13238643465

钻石：236
当前时间: Wed Nov  9 22:27:42 2022
m13096858382

钻石：275
当前时间: Wed Nov  9 22:28:02 2022
m13638054301

钻石：273
当前时间: Wed Nov  9 22:28:23 2022
m13211870846

钻石：256
当前时间: Wed Nov  9 22:28:45 2022
m18120902816

钻石：282
当前时间: Wed Nov  9 22:29:05 2022
m13211870840

钻石：272
当前时间: Wed Nov  9 22:29:26 2022
m13211870642

钻石：450
当前时间: Wed Nov  9 22:29:47 2022
m13811597958

钻石：376
当前时间: Wed Nov  9 22:30:08 2022
m13275952953

钻石：376
当前时间: Wed Nov  9 22:30:28 2022
m18144035607

钻石：您的钻石
当前时间: Wed Nov  9 22:30:49 2022
m18144037596

钻石：351
当前时间: Wed Nov  9 22:31:10 2022
ID588815

钻石：256
当前时间: Wed Nov  9 22:31:30 2022
m13716787628

钻石：259
当前时间: Wed Nov  9 22:31:51 2022
m18230720898

钻石：365
当前时间: Wed Nov  9 22:32:12 2022
m18649943446

钻石：259
当前时间: Wed Nov  9 22:32:33 2022
Y11175446

钻石：268
当前时间: Wed Nov  9 22:32:54 2022
m17208811478

钻石：312
当前时间: Wed Nov  9 22:33:14 2022
m18694718653

钻石：375
当前时间: Wed Nov  9 22:33:35 2022
m18659819375

钻石：400
当前时间: Wed Nov  9 22:33:56 2022
m18659053635

钻石：923
当前时间: Wed Nov  9 22:34:17 2022
m18050242998

钻石：您的钻石
当前时间: Wed Nov  9 22:34:39 2022
m15559034354

钻石：475
当前时间: Wed Nov  9 22:35:00 2022
m16608553649

钻石：497
当前时间: Wed Nov  9 22:35:20 2022
q3398768722

钻石：499
当前时间: Wed Nov  9 22:35:42 2022
m18659404481

钻石：983
当前时间: Wed Nov  9 22:36:03 2022
m18050196862

钻石：646
当前时间: Wed Nov  9 22:36:25 2022
m18149532803

钻石：414
当前时间: Wed Nov  9 22:36:46 2022
m13096853753

钻石：478
当前时间: Wed Nov  9 22:37:07 2022
m15687486546

钻石：829
当前时间: Wed Nov  9 22:37:28 2022
m18608553801

钻石：352
当前时间: Wed Nov  9 22:37:49 2022
m15687471644

钻石：411
当前时间: Wed Nov  9 22:38:10 2022
m13067157996

钻石：535
当前时间: Wed Nov  9 22:39:38 2022
m18585541725

钻石：338
当前时间: Wed Nov  9 22:39:59 2022
m13708565323

钻石：902
当前时间: Wed Nov  9 22:40:17 2022
m18559573405

钻石：256
当前时间: Wed Nov  9 22:40:35 2022
m15685448175

捕获异常，重新调用登录
当前时间: Wed Nov  9 22:40:51 2022
m15685448175

钻石：263
当前时间: Wed Nov  9 22:41:11 2022
m13211870441

钻石：264
当前时间: Wed Nov  9 22:41:29 2022
m13698561592

钻石：268
当前时间: Wed Nov  9 22:41:47 2022
m15085471763

钻石：849
当前时间: Wed Nov  9 22:42:06 2022
m13096857208

钻石：456
当前时间: Wed Nov  9 22:42:24 2022
m17208810645

钻石：430
当前时间: Wed Nov  9 22:42:43 2022
m13985701121

钻石：475
当前时间: Wed Nov  9 22:43:02 2022
m13765629645

钻石：393
当前时间: Wed Nov  9 22:43:22 2022
m18050421030

钻石：282
当前时间: Wed Nov  9 22:43:42 2022
m15685441093

钻石：789
当前时间: Wed Nov  9 22:44:02 2022
m15761295465

钻石：1184
当前时间: Wed Nov  9 22:44:22 2022
m17586359613

钻石：558
当前时间: Wed Nov  9 22:44:42 2022
m13211870646

钻石：1202
当前时间: Wed Nov  9 22:45:02 2022
m18559530951

钻石：551
当前时间: Wed Nov  9 22:45:22 2022
id82560797

钻石：1121
当前时间: Wed Nov  9 22:45:51 2022
id80160343

钻石：530
当前时间: Wed Nov  9 22:46:11 2022
q350948908

捕获异常，重新调用登录
当前时间: Wed Nov  9 22:46:27 2022
q350948908

钻石：519
当前时间: Wed Nov  9 22:46:47 2022
m13107898803

钻石：297
当前时间: Wed Nov  9 22:47:07 2022
Y8986954

钻石：501
当前时间: Wed Nov  9 22:47:26 2022
m17586352063

钻石：446
当前时间: Wed Nov  9 22:47:46 2022
m15559569207

钻石：260
当前时间: Wed Nov  9 22:48:05 2022
m13595955178

钻石：547
当前时间: Wed Nov  9 22:48:26 2022
m15761101546

钻石：561
当前时间: Wed Nov  9 22:48:47 2022
id84041678

钻石：820
当前时间: Wed Nov  9 22:49:08 2022
Y23500757

钻石：429
当前时间: Wed Nov  9 22:49:29 2022
m17208862972

钻石：581
当前时间: Wed Nov  9 22:49:50 2022
m13211870934

钻石：343
当前时间: Wed Nov  9 22:50:11 2022
m18050198551

钻石：313
当前时间: Wed Nov  9 22:50:32 2022
m18518496929

钻石：332
当前时间: Wed Nov  9 22:50:53 2022
m13508538861

钻石：276
当前时间: Wed Nov  9 22:51:13 2022
m13238643465

钻石：236
当前时间: Wed Nov  9 22:51:34 2022
m13096858382

钻石：275
当前时间: Wed Nov  9 22:51:55 2022
m13638054301

钻石：273
当前时间: Wed Nov  9 22:52:16 2022
m13211870846

钻石：256
当前时间: Wed Nov  9 22:52:37 2022
m18120902816

钻石：282
当前时间: Wed Nov  9 22:52:58 2022
m13211870840

钻石：272
当前时间: Wed Nov  9 22:53:19 2022
m13211870642

钻石：您的钻石
当前时间: Wed Nov  9 22:53:40 2022
m13811597958

钻石：376
当前时间: Wed Nov  9 22:54:01 2022
m13275952953

钻石：376
当前时间: Wed Nov  9 22:54:22 2022
m18144035607

钻石：255
当前时间: Wed Nov  9 22:54:43 2022
m18144037596

钻石：351
当前时间: Wed Nov  9 22:55:04 2022
ID588815

钻石：256
当前时间: Wed Nov  9 22:55:25 2022
m13716787628

钻石：259
当前时间: Wed Nov  9 22:55:46 2022
m18230720898

捕获异常，重新调用登录
当前时间: Wed Nov  9 22:56:02 2022
m18230720898

钻石：365
当前时间: Wed Nov  9 22:56:22 2022
m18649943446

钻石：259
当前时间: Wed Nov  9 22:56:42 2022
Y11175446

钻石：268
当前时间: Wed Nov  9 22:57:02 2022
m17208811478

钻石：312
当前时间: Wed Nov  9 22:57:21 2022
m18694718653

钻石：375
当前时间: Wed Nov  9 22:57:41 2022
m18659819375

钻石：400
当前时间: Wed Nov  9 22:58:01 2022
m18659053635

钻石：923
当前时间: Wed Nov  9 22:58:22 2022
m18050242998

钻石：925
当前时间: Wed Nov  9 22:58:44 2022
m15559034354

钻石：475
当前时间: Wed Nov  9 22:59:05 2022
m16608553649

钻石：497
当前时间: Wed Nov  9 22:59:26 2022
q3398768722

钻石：499
当前时间: Wed Nov  9 22:59:47 2022
m18659404481

钻石：983
当前时间: Wed Nov  9 23:00:08 2022
m18050196862

钻石：646
当前时间: Wed Nov  9 23:00:29 2022
m18149532803

钻石：414
当前时间: Wed Nov  9 23:00:50 2022
m13096853753

钻石：478
当前时间: Wed Nov  9 23:01:11 2022
m15687486546

钻石：829
当前时间: Wed Nov  9 23:01:33 2022
m18608553801

钻石：352
当前时间: Wed Nov  9 23:01:54 2022
m15687471644

钻石：411
当前时间: Wed Nov  9 23:02:15 2022
m13067157996

钻石：535
当前时间: Wed Nov  9 23:02:45 2022
m18585541725

钻石：338
当前时间: Wed Nov  9 23:03:05 2022
m13708565323

钻石：902
当前时间: Wed Nov  9 23:03:23 2022
m18559573405

捕获异常，重新调用登录
当前时间: Wed Nov  9 23:03:39 2022
m18559573405

钻石：256
当前时间: Wed Nov  9 23:03:59 2022
m15685448175

钻石：263
当前时间: Wed Nov  9 23:04:18 2022
m13211870441

钻石：264
当前时间: Wed Nov  9 23:04:37 2022
m13698561592

钻石：268
当前时间: Wed Nov  9 23:04:55 2022
m15085471763

钻石：849
当前时间: Wed Nov  9 23:05:14 2022
m13096857208

钻石：456
当前时间: Wed Nov  9 23:05:33 2022
m17208810645

钻石：430
当前时间: Wed Nov  9 23:05:54 2022
m13985701121

钻石：475
当前时间: Wed Nov  9 23:06:14 2022
m13765629645

钻石：393
当前时间: Wed Nov  9 23:06:33 2022
m18050421030

钻石：282
当前时间: Wed Nov  9 23:06:53 2022
m15685441093

钻石：789
当前时间: Wed Nov  9 23:07:13 2022
m15761295465

钻石：1184
当前时间: Wed Nov  9 23:07:34 2022
m17586359613

钻石：558
当前时间: Wed Nov  9 23:07:54 2022
m13211870646

钻石：1202
当前时间: Wed Nov  9 23:08:14 2022
m18559530951

钻石：551
当前时间: Wed Nov  9 23:08:34 2022
id82560797

钻石：1121
当前时间: Wed Nov  9 23:09:03 2022
id80160343

钻石：530
当前时间: Wed Nov  9 23:09:23 2022
q350948908

钻石：519
当前时间: Wed Nov  9 23:09:42 2022
m13107898803

钻石：297
当前时间: Wed Nov  9 23:10:02 2022
Y8986954

钻石：501
当前时间: Wed Nov  9 23:10:21 2022
m17586352063

钻石：446
当前时间: Wed Nov  9 23:10:41 2022
m15559569207

钻石：260
当前时间: Wed Nov  9 23:11:02 2022
m13595955178

钻石：547
当前时间: Wed Nov  9 23:11:23 2022
m15761101546

钻石：561
当前时间: Wed Nov  9 23:11:44 2022
id84041678

钻石：820
当前时间: Wed Nov  9 23:12:05 2022
Y23500757

钻石：429
当前时间: Wed Nov  9 23:12:26 2022
m17208862972

钻石：581
当前时间: Wed Nov  9 23:12:47 2022
m13211870934

钻石：343
当前时间: Wed Nov  9 23:13:08 2022
m18050198551

钻石：313
当前时间: Wed Nov  9 23:13:29 2022
m18518496929

钻石：332
当前时间: Wed Nov  9 23:13:51 2022
m13508538861

钻石：276
当前时间: Wed Nov  9 23:14:12 2022
m13238643465

钻石：236
当前时间: Wed Nov  9 23:14:33 2022
m13096858382

钻石：275
当前时间: Wed Nov  9 23:14:54 2022
m13638054301

钻石：273
当前时间: Wed Nov  9 23:15:15 2022
m13211870846

钻石：256
当前时间: Wed Nov  9 23:15:36 2022
m18120902816

钻石：282
当前时间: Wed Nov  9 23:15:58 2022
m13211870840

钻石：272
当前时间: Wed Nov  9 23:16:18 2022
m13211870642

钻石：450
当前时间: Wed Nov  9 23:16:39 2022
m13811597958

捕获异常，重新调用登录
